<?xml version="1.0" encoding="UTF-8"?>
<!-- Generated by org.testng.reporters.JUnitXMLReporter -->
<testsuite ignored="7" hostname="DESKTOP-1BK6NQ9" failures="0" tests="1" name="Default test(failed)" time="9.269" errors="0" timestamp="2023-12-05T17:16:30 IST">
  <testcase classname="testCases.cartPageTest" name="verifyCartQTYLabelTest" time="0.626"/>
  <testcase classname="testCases.cartPageTest" name="verifyCartDescriptionLabelTest" time="0.0">
    <ignored/>
  </testcase> <!-- verifyCartDescriptionLabelTest -->
  <testcase classname="testCases.cartPageTest" name="LoginToYourCartTest" time="0.0">
    <ignored/>
  </testcase> <!-- LoginToYourCartTest -->
  <testcase classname="testCases.cartPageTest" name="verifyapplogoTest" time="0.0">
    <ignored/>
  </testcase> <!-- verifyapplogoTest -->
  <testcase classname="testCases.cartPageTest" name="remove3productTest" time="0.0">
    <ignored/>
  </testcase> <!-- remove3productTest -->
  <testcase classname="testCases.cartPageTest" name="verifyYourCartLabelTest" time="0.0">
    <ignored/>
  </testcase> <!-- verifyYourCartLabelTest -->
  <testcase classname="testCases.cartPageTest" name="verifycontinueshoppingBtnTest" time="0.0">
    <ignored/>
  </testcase> <!-- verifycontinueshoppingBtnTest -->
  <testcase classname="testCases.cartPageTest" name="verifycheckoutBtnTest" time="0.0">
    <ignored/>
  </testcase> <!-- verifycheckoutBtnTest -->
</testsuite> <!-- Default test(failed) -->
