<?xml version="1.0" encoding="UTF-8"?>
<!-- Generated by org.testng.reporters.JUnitXMLReporter -->
<testsuite ignored="2" hostname="DESKTOP-1BK6NQ9" failures="0" tests="1" name="Default test" time="7.519" errors="0" timestamp="2023-12-12T22:31:43 IST">
  <testcase classname="testCases.LoginPageTest" name="loginToApplicationTest" time="0.726"/>
  <testcase classname="testCases.LoginPageTest" name="verifyTitleofApplicationTest" time="0.0">
    <ignored/>
  </testcase> <!-- verifyTitleofApplicationTest -->
  <testcase classname="testCases.LoginPageTest" name="verifyURLofApplicationTest" time="0.0">
    <ignored/>
  </testcase> <!-- verifyURLofApplicationTest -->
</testsuite> <!-- Default test -->
