<?xml version="1.0" encoding="UTF-8"?>
<!-- Generated by org.testng.reporters.JUnitXMLReporter -->
<testsuite ignored="10" hostname="DESKTOP-1BK6NQ9" failures="0" tests="3" name="Test_Groups" time="19.18" errors="0" timestamp="2023-12-11T21:22:36 IST">
  <testcase classname="testCases.LoginPageTest" name="verifyURLofApplicationTest" time="0.616"/>
  <testcase classname="testCases.LoginPageTest" name="verifyTitleofApplicationTest" time="0.041"/>
  <testcase classname="testCases.inventory_page_2_Test" name="verifyProductsLabelTest" time="0.068"/>
  <testcase classname="testCases.inventory_page_2_Test" name="add6productsTest" time="0.0">
    <ignored/>
  </testcase> <!-- add6productsTest -->
  <testcase classname="testCases.inventory_page_2_Test" name="verifyLinkedInLogoTest" time="0.0">
    <ignored/>
  </testcase> <!-- verifyLinkedInLogoTest -->
  <testcase classname="testCases.LoginPageTest" name="loginToApplicationTest" time="0.0">
    <ignored/>
  </testcase> <!-- loginToApplicationTest -->
  <testcase classname="testCases.inventory_page_2_Test" name="verifyCartLogoTest" time="0.0">
    <ignored/>
  </testcase> <!-- verifyCartLogoTest -->
  <testcase classname="testCases.inventory_page_2_Test" name="verifyTwitterLogoTest" time="0.0">
    <ignored/>
  </testcase> <!-- verifyTwitterLogoTest -->
  <testcase classname="testCases.inventory_page_2_Test" name="verifyFacebookLogoTest" time="0.0">
    <ignored/>
  </testcase> <!-- verifyFacebookLogoTest -->
  <testcase classname="testCases.inventory_page_2_Test" name="remove2productsTest" time="0.0">
    <ignored/>
  </testcase> <!-- remove2productsTest -->
  <testcase classname="testCases.inventory_page_2_Test" name="verifyFooterTextTest" time="0.0">
    <ignored/>
  </testcase> <!-- verifyFooterTextTest -->
  <testcase classname="testCases.inventory_page_2_Test" name="verifyAppLogoTest" time="0.0">
    <ignored/>
  </testcase> <!-- verifyAppLogoTest -->
  <testcase classname="testCases.inventory_page_2_Test" name="LoginToYourCartTest" time="0.0">
    <ignored/>
  </testcase> <!-- LoginToYourCartTest -->
</testsuite> <!-- Test_Groups -->
